Performing C SOURCE FILE Test CMAKE_HAVE_LIBC_PTHREAD failed with the following output:
Change Dir: /home/ai/Documents/Eangel/videoRecord/videoRecord/build/CMakeFiles/CMakeTmp

Run Build Command(s):/usr/bin/make cmTC_a96f9/fast && /usr/bin/make  -f CMakeFiles/cmTC_a96f9.dir/build.make CMakeFiles/cmTC_a96f9.dir/build
make[1]: Entering directory '/home/ai/Documents/Eangel/videoRecord/videoRecord/build/CMakeFiles/CMakeTmp'
Building C object CMakeFiles/cmTC_a96f9.dir/src.c.o
/usr/bin/cc -DCMAKE_HAVE_LIBC_PTHREAD  -fPIC  -o CMakeFiles/cmTC_a96f9.dir/src.c.o -c /home/ai/Documents/Eangel/videoRecord/videoRecord/build/CMakeFiles/CMakeTmp/src.c
Linking C executable cmTC_a96f9
/usr/local/bin/cmake -E cmake_link_script CMakeFiles/cmTC_a96f9.dir/link.txt --verbose=1
/usr/bin/cc -fPIC  -rdynamic CMakeFiles/cmTC_a96f9.dir/src.c.o -o cmTC_a96f9 
CMakeFiles/cmTC_a96f9.dir/src.c.o: In function `main':
src.c:(.text+0x48): undefined reference to `pthread_create'
src.c:(.text+0x50): undefined reference to `pthread_detach'
src.c:(.text+0x58): undefined reference to `pthread_cancel'
src.c:(.text+0x64): undefined reference to `pthread_join'
src.c:(.text+0x74): undefined reference to `pthread_atfork'
collect2: error: ld returned 1 exit status
CMakeFiles/cmTC_a96f9.dir/build.make:105: recipe for target 'cmTC_a96f9' failed
make[1]: *** [cmTC_a96f9] Error 1
make[1]: Leaving directory '/home/ai/Documents/Eangel/videoRecord/videoRecord/build/CMakeFiles/CMakeTmp'
Makefile:140: recipe for target 'cmTC_a96f9/fast' failed
make: *** [cmTC_a96f9/fast] Error 2


Source file was:
#include <pthread.h>

static void* test_func(void* data)
{
  return data;
}

int main(void)
{
  pthread_t thread;
  pthread_create(&thread, NULL, test_func, NULL);
  pthread_detach(thread);
  pthread_cancel(thread);
  pthread_join(thread, NULL);
  pthread_atfork(NULL, NULL, NULL);
  pthread_exit(NULL);

  return 0;
}

Determining if the function pthread_create exists in the pthreads failed with the following output:
Change Dir: /home/ai/Documents/Eangel/videoRecord/videoRecord/build/CMakeFiles/CMakeTmp

Run Build Command(s):/usr/bin/make cmTC_51210/fast && /usr/bin/make  -f CMakeFiles/cmTC_51210.dir/build.make CMakeFiles/cmTC_51210.dir/build
make[1]: Entering directory '/home/ai/Documents/Eangel/videoRecord/videoRecord/build/CMakeFiles/CMakeTmp'
Building C object CMakeFiles/cmTC_51210.dir/CheckFunctionExists.c.o
/usr/bin/cc   -fPIC -DCHECK_FUNCTION_EXISTS=pthread_create -o CMakeFiles/cmTC_51210.dir/CheckFunctionExists.c.o -c /usr/local/share/cmake-3.19/Modules/CheckFunctionExists.c
Linking C executable cmTC_51210
/usr/local/bin/cmake -E cmake_link_script CMakeFiles/cmTC_51210.dir/link.txt --verbose=1
/usr/bin/cc -fPIC -DCHECK_FUNCTION_EXISTS=pthread_create -rdynamic CMakeFiles/cmTC_51210.dir/CheckFunctionExists.c.o -o cmTC_51210  -lpthreads 
/usr/bin/ld: cannot find -lpthreads
collect2: error: ld returned 1 exit status
CMakeFiles/cmTC_51210.dir/build.make:105: recipe for target 'cmTC_51210' failed
make[1]: *** [cmTC_51210] Error 1
make[1]: Leaving directory '/home/ai/Documents/Eangel/videoRecord/videoRecord/build/CMakeFiles/CMakeTmp'
Makefile:140: recipe for target 'cmTC_51210/fast' failed
make: *** [cmTC_51210/fast] Error 2



